[2018-11-26 16:36:53.384] [exthost1] [info] extension host started
[2018-11-26 16:36:53.515] [exthost1] [info] ExtensionService#_doActivateExtension vscode.debug-auto-launch {"startup":true,"activationEvent":"*"}
[2018-11-26 16:36:53.516] [exthost1] [info] ExtensionService#loadCommonJSModule c:\Users\LENOVO\.codemix\engine\resources\app\extensions\debug-auto-launch\out\extension
[2018-11-26 16:36:53.623] [exthost1] [info] ExtensionService#_doActivateExtension vscode.emmet {"startup":true,"activationEvent":"*"}
[2018-11-26 16:36:53.623] [exthost1] [info] ExtensionService#loadCommonJSModule c:\Users\LENOVO\.codemix\engine\resources\app\extensions\emmet\dist\extension
[2018-11-26 16:36:53.886] [exthost1] [info] ExtensionService#_doActivateExtension vscode.merge-conflict {"startup":true,"activationEvent":"*"}
[2018-11-26 16:36:53.886] [exthost1] [info] ExtensionService#loadCommonJSModule c:\Users\LENOVO\.codemix\engine\resources\app\extensions\merge-conflict\out\extension
[2018-11-26 16:36:54.046] [exthost1] [info] ExtensionService#_doActivateExtension vscode.search-rg {"startup":true,"activationEvent":"*"}
[2018-11-26 16:36:54.046] [exthost1] [info] ExtensionService#loadCommonJSModule c:\Users\LENOVO\.codemix\engine\resources\app\extensions\search-rg\out\extension
[2018-11-26 16:36:54.083] [exthost1] [info] eager extensions activated
[2018-11-26 16:36:55.215] [exthost1] [info] extension host started
[2018-11-26 16:36:55.237] [exthost1] [info] ExtensionService#_doActivateExtension vscode.debug-auto-launch {"startup":true,"activationEvent":"*"}
[2018-11-26 16:36:55.238] [exthost1] [info] ExtensionService#loadCommonJSModule c:\Users\LENOVO\.codemix\engine\resources\app\extensions\debug-auto-launch\out\extension
[2018-11-26 16:36:55.246] [exthost1] [info] ExtensionService#_doActivateExtension vscode.emmet {"startup":true,"activationEvent":"*"}
[2018-11-26 16:36:55.246] [exthost1] [info] ExtensionService#loadCommonJSModule c:\Users\LENOVO\.codemix\engine\resources\app\extensions\emmet\dist\extension
[2018-11-26 16:36:55.298] [exthost1] [info] ExtensionService#_doActivateExtension vscode.merge-conflict {"startup":true,"activationEvent":"*"}
[2018-11-26 16:36:55.298] [exthost1] [info] ExtensionService#loadCommonJSModule c:\Users\LENOVO\.codemix\engine\resources\app\extensions\merge-conflict\out\extension
[2018-11-26 16:36:55.316] [exthost1] [info] ExtensionService#_doActivateExtension vscode.search-rg {"startup":true,"activationEvent":"*"}
[2018-11-26 16:36:55.316] [exthost1] [info] ExtensionService#loadCommonJSModule c:\Users\LENOVO\.codemix\engine\resources\app\extensions\search-rg\out\extension
[2018-11-26 16:36:55.326] [exthost1] [info] eager extensions activated
[2018-11-26 16:36:55.326] [exthost1] [info] ExtensionService#_doActivateExtension vscode.configuration-editing {"startup":false,"activationEvent":"onLanguage:jsonc"}
[2018-11-26 16:36:55.326] [exthost1] [info] ExtensionService#loadCommonJSModule c:\Users\LENOVO\.codemix\engine\resources\app\extensions\configuration-editing\out\extension
[2018-11-26 16:36:55.340] [exthost1] [info] ExtensionService#_doActivateExtension vscode.json-language-features {"startup":false,"activationEvent":"onLanguage:jsonc"}
[2018-11-26 16:36:55.340] [exthost1] [info] ExtensionService#loadCommonJSModule c:\Users\LENOVO\.codemix\engine\resources\app\extensions\json-language-features\client\dist\jsonMain
[2018-11-26 16:36:55.473] [exthost1] [info] ExtensionService#_doActivateExtension vscode.typescript-language-features {"startup":false,"activationEvent":"onLanguage:jsonc"}
[2018-11-26 16:36:55.473] [exthost1] [info] ExtensionService#loadCommonJSModule c:\Users\LENOVO\.codemix\engine\resources\app\extensions\typescript-language-features\dist\extension
[2018-11-26 16:36:55.590] [exthost1] [info] ExtensionService#_doActivateExtension vscode.grunt {"startup":false,"activationEvent":"onCommand:workbench.action.tasks.runTask"}
[2018-11-26 16:36:55.590] [exthost1] [info] ExtensionService#loadCommonJSModule c:\Users\LENOVO\.codemix\engine\resources\app\extensions\grunt\out\main
[2018-11-26 16:36:55.596] [exthost1] [info] ExtensionService#_doActivateExtension vscode.gulp {"startup":false,"activationEvent":"onCommand:workbench.action.tasks.runTask"}
[2018-11-26 16:36:55.596] [exthost1] [info] ExtensionService#loadCommonJSModule c:\Users\LENOVO\.codemix\engine\resources\app\extensions\gulp\out\main
[2018-11-26 16:36:55.601] [exthost1] [info] ExtensionService#_doActivateExtension vscode.jake {"startup":false,"activationEvent":"onCommand:workbench.action.tasks.runTask"}
[2018-11-26 16:36:55.601] [exthost1] [info] ExtensionService#loadCommonJSModule c:\Users\LENOVO\.codemix\engine\resources\app\extensions\jake\out\main
[2018-11-26 16:36:55.609] [exthost1] [info] ExtensionService#_doActivateExtension vscode.npm {"startup":false,"activationEvent":"onCommand:workbench.action.tasks.runTask"}
[2018-11-26 16:36:55.609] [exthost1] [info] ExtensionService#loadCommonJSModule c:\Users\LENOVO\.codemix\engine\resources\app\extensions\npm\out\main
